[0.010s] Invoking command in '/home/naodai/Workspace/rotary/docking/docking_ws/src/clearpath_docking/build/clearpath_docking': CMAKE_PREFIX_PATH=${CMAKE_PREFIX_PATH}:/opt/ros/humble /usr/bin/cmake --build /home/naodai/Workspace/rotary/docking/docking_ws/src/clearpath_docking/build/clearpath_docking -- -j8 -l8
[0.032s] -- Found ament_cmake: 1.3.12 (/opt/ros/humble/share/ament_cmake/cmake)
[0.171s] -- Found rclcpp: 16.0.15 (/opt/ros/humble/share/rclcpp/cmake)
[0.199s] -- Found rosidl_generator_c: 3.1.7 (/opt/ros/humble/share/rosidl_generator_c/cmake)
[0.201s] -- Found rosidl_adapter: 3.1.7 (/opt/ros/humble/share/rosidl_adapter/cmake)
[0.207s] -- Found rosidl_generator_cpp: 3.1.7 (/opt/ros/humble/share/rosidl_generator_cpp/cmake)
[0.217s] -- Using all available rosidl_typesupport_c: rosidl_typesupport_fastrtps_c;rosidl_typesupport_introspection_c
[0.229s] -- Using all available rosidl_typesupport_cpp: rosidl_typesupport_fastrtps_cpp;rosidl_typesupport_introspection_cpp
[0.263s] -- Found rmw_implementation_cmake: 6.1.2 (/opt/ros/humble/share/rmw_implementation_cmake/cmake)
[0.264s] -- Found rmw_fastrtps_cpp: 6.2.9 (/opt/ros/humble/share/rmw_fastrtps_cpp/cmake)
[0.361s] -- Using RMW implementation 'rmw_fastrtps_cpp' as default
[0.413s] -- Found ament_lint_auto: 0.12.14 (/opt/ros/humble/share/ament_lint_auto/cmake)
[0.521s] -- Added test 'cppcheck' to perform static code analysis on C / C++ code
[0.521s] -- Configured cppcheck include dirs: /home/naodai/Workspace/rotary/docking/docking_ws/src/clearpath_docking/include
[0.522s] -- Configured cppcheck exclude dirs and/or files: 
[0.523s] -- Added test 'flake8' to check Python code syntax and style conventions
[0.525s] -- Added test 'lint_cmake' to check CMake code style
[0.527s] -- Added test 'pep257' to check Python code against some of the docstring style conventions in PEP 257
[0.535s] -- Added test 'uncrustify' to check C / C++ code style
[0.535s] -- Configured uncrustify additional arguments: 
[0.536s] -- Added test 'xmllint' to check XML markup files
[0.537s] -- Configuring done
[0.539s] [31mCMake Error at CMakeLists.txt:13 (add_executable):
[0.539s]   Cannot find source file:
[0.539s] 
[0.539s]     src/clearpath_motor.cpp
[0.540s] 
[0.540s]   Tried extensions .c .C .c++ .cc .cpp .cxx .cu .mpp .m .M .mm .ixx .cppm .h
[0.540s]   .hh .h++ .hm .hpp .hxx .in .txx .f .F .for .f77 .f90 .f95 .f03 .hip .ispc
[0.540s] 
[0.540s] [0m
[0.540s] [31mCMake Error at CMakeLists.txt:13 (add_executable):
[0.541s]   No SOURCES given to target: clearpath_node
[0.541s] 
[0.541s] [0m
[0.541s] [0mCMake Generate step failed.  Build files cannot be regenerated correctly.[0m
[0.548s] gmake: *** [Makefile:267: cmake_check_build_system] Error 1
[0.550s] Invoked command in '/home/naodai/Workspace/rotary/docking/docking_ws/src/clearpath_docking/build/clearpath_docking' returned '2': CMAKE_PREFIX_PATH=${CMAKE_PREFIX_PATH}:/opt/ros/humble /usr/bin/cmake --build /home/naodai/Workspace/rotary/docking/docking_ws/src/clearpath_docking/build/clearpath_docking -- -j8 -l8
