[0.114s] DEBUG:colcon:Command line arguments: ['/usr/bin/colcon', 'build']
[0.114s] DEBUG:colcon:Parsed command line arguments: Namespace(log_base=None, log_level=None, verb_name='build', build_base='build', install_base='install', merge_install=False, symlink_install=False, test_result_base=None, continue_on_error=False, executor='parallel', parallel_workers=8, event_handlers=None, ignore_user_meta=False, metas=['./colcon.meta'], base_paths=['.'], packages_ignore=None, packages_ignore_regex=None, paths=None, packages_up_to=None, packages_up_to_regex=None, packages_above=None, packages_above_and_dependencies=None, packages_above_depth=None, packages_select_by_dep=None, packages_skip_by_dep=None, packages_skip_up_to=None, packages_select_build_failed=False, packages_skip_build_finished=False, packages_select_test_failures=False, packages_skip_test_passed=False, packages_select=None, packages_skip=None, packages_select_regex=None, packages_skip_regex=None, packages_start=None, packages_end=None, allow_overriding=[], cmake_args=None, cmake_target=None, cmake_target_skip_unavailable=False, cmake_clean_cache=False, cmake_clean_first=False, cmake_force_configure=False, ament_cmake_args=None, catkin_cmake_args=None, catkin_skip_building_tests=False, verb_parser=<colcon_defaults.argument_parser.defaults.DefaultArgumentsDecorator object at 0x76d095782e30>, verb_extension=<colcon_core.verb.build.BuildVerb object at 0x76d095782920>, main=<bound method BuildVerb.main of <colcon_core.verb.build.BuildVerb object at 0x76d095782920>>)
[0.156s] Level 1:colcon.colcon_core.package_discovery:discover_packages(colcon_meta) check parameters
[0.156s] Level 1:colcon.colcon_core.package_discovery:discover_packages(recursive) check parameters
[0.156s] Level 1:colcon.colcon_core.package_discovery:discover_packages(ignore) check parameters
[0.156s] Level 1:colcon.colcon_core.package_discovery:discover_packages(path) check parameters
[0.156s] Level 1:colcon.colcon_core.package_discovery:discover_packages(colcon_meta) discover
[0.156s] Level 1:colcon.colcon_core.package_discovery:discover_packages(recursive) discover
[0.156s] INFO:colcon.colcon_core.package_discovery:Crawling recursively for packages in '/home/naodai/Workspace/rotary/docking/docking_ws/src/clearpath_docking'
[0.156s] Level 1:colcon.colcon_core.package_identification:_identify(.) by extensions ['ignore', 'ignore_ament_install']
[0.156s] Level 1:colcon.colcon_core.package_identification:_identify(.) by extension 'ignore'
[0.156s] Level 1:colcon.colcon_core.package_identification:_identify(.) by extension 'ignore_ament_install'
[0.156s] Level 1:colcon.colcon_core.package_identification:_identify(.) by extensions ['colcon_pkg']
[0.156s] Level 1:colcon.colcon_core.package_identification:_identify(.) by extension 'colcon_pkg'
[0.156s] Level 1:colcon.colcon_core.package_identification:_identify(.) by extensions ['colcon_meta']
[0.156s] Level 1:colcon.colcon_core.package_identification:_identify(.) by extension 'colcon_meta'
[0.157s] Level 1:colcon.colcon_core.package_identification:_identify(.) by extensions ['ros']
[0.157s] Level 1:colcon.colcon_core.package_identification:_identify(.) by extension 'ros'
[0.186s] DEBUG:colcon.colcon_core.package_identification:Package '.' with type 'ros.ament_cmake' and name 'clearpath_docking'
[0.186s] Level 1:colcon.colcon_core.package_discovery:discover_packages(recursive) using defaults
[0.186s] Level 1:colcon.colcon_core.package_discovery:discover_packages(ignore) discover
[0.186s] Level 1:colcon.colcon_core.package_discovery:discover_packages(ignore) using defaults
[0.186s] Level 1:colcon.colcon_core.package_discovery:discover_packages(path) discover
[0.186s] Level 1:colcon.colcon_core.package_discovery:discover_packages(path) using defaults
[0.206s] Level 1:colcon.colcon_core.package_discovery:discover_packages(prefix_path) check parameters
[0.206s] Level 1:colcon.colcon_core.package_discovery:discover_packages(prefix_path) discover
[0.208s] DEBUG:colcon.colcon_installed_package_information.package_discovery:Found 1 installed packages in /home/naodai/Workspace/plot_ws/install
[0.209s] DEBUG:colcon.colcon_installed_package_information.package_discovery:Found 332 installed packages in /opt/ros/humble
[0.211s] Level 1:colcon.colcon_core.package_discovery:discover_packages(prefix_path) using defaults
[0.256s] Level 5:colcon.colcon_core.verb:set package 'clearpath_docking' build argument 'cmake_args' from command line to 'None'
[0.256s] Level 5:colcon.colcon_core.verb:set package 'clearpath_docking' build argument 'cmake_target' from command line to 'None'
[0.256s] Level 5:colcon.colcon_core.verb:set package 'clearpath_docking' build argument 'cmake_target_skip_unavailable' from command line to 'False'
[0.256s] Level 5:colcon.colcon_core.verb:set package 'clearpath_docking' build argument 'cmake_clean_cache' from command line to 'False'
[0.256s] Level 5:colcon.colcon_core.verb:set package 'clearpath_docking' build argument 'cmake_clean_first' from command line to 'False'
[0.256s] Level 5:colcon.colcon_core.verb:set package 'clearpath_docking' build argument 'cmake_force_configure' from command line to 'False'
[0.256s] Level 5:colcon.colcon_core.verb:set package 'clearpath_docking' build argument 'ament_cmake_args' from command line to 'None'
[0.256s] Level 5:colcon.colcon_core.verb:set package 'clearpath_docking' build argument 'catkin_cmake_args' from command line to 'None'
[0.256s] Level 5:colcon.colcon_core.verb:set package 'clearpath_docking' build argument 'catkin_skip_building_tests' from command line to 'False'
[0.256s] DEBUG:colcon.colcon_core.verb:Building package 'clearpath_docking' with the following arguments: {'ament_cmake_args': None, 'build_base': '/home/naodai/Workspace/rotary/docking/docking_ws/src/clearpath_docking/build/clearpath_docking', 'catkin_cmake_args': None, 'catkin_skip_building_tests': False, 'cmake_args': None, 'cmake_clean_cache': False, 'cmake_clean_first': False, 'cmake_force_configure': False, 'cmake_target': None, 'cmake_target_skip_unavailable': False, 'install_base': '/home/naodai/Workspace/rotary/docking/docking_ws/src/clearpath_docking/install/clearpath_docking', 'merge_install': False, 'path': '/home/naodai/Workspace/rotary/docking/docking_ws/src/clearpath_docking', 'symlink_install': False, 'test_result_base': None}
[0.256s] INFO:colcon.colcon_core.executor:Executing jobs using 'parallel' executor
[0.257s] DEBUG:colcon.colcon_parallel_executor.executor.parallel:run_until_complete
[0.257s] INFO:colcon.colcon_ros.task.ament_cmake.build:Building ROS package in '/home/naodai/Workspace/rotary/docking/docking_ws/src/clearpath_docking' with build type 'ament_cmake'
[0.258s] INFO:colcon.colcon_cmake.task.cmake.build:Building CMake package in '/home/naodai/Workspace/rotary/docking/docking_ws/src/clearpath_docking'
[0.260s] INFO:colcon.colcon_core.plugin_system:Skipping extension 'colcon_core.shell.bat': Not used on non-Windows systems
[0.260s] INFO:colcon.colcon_core.shell:Skip shell extension 'powershell' for command environment: Not usable outside of PowerShell
[0.260s] DEBUG:colcon.colcon_core.shell:Skip shell extension 'dsv' for command environment
[0.268s] DEBUG:colcon.colcon_core.event_handler.log_command:Invoking command in '/home/naodai/Workspace/rotary/docking/docking_ws/src/clearpath_docking/build/clearpath_docking': CMAKE_PREFIX_PATH=${CMAKE_PREFIX_PATH}:/opt/ros/humble /usr/bin/cmake --build /home/naodai/Workspace/rotary/docking/docking_ws/src/clearpath_docking/build/clearpath_docking -- -j8 -l8
[0.808s] DEBUG:colcon.colcon_core.event_handler.log_command:Invoked command in '/home/naodai/Workspace/rotary/docking/docking_ws/src/clearpath_docking/build/clearpath_docking' returned '2': CMAKE_PREFIX_PATH=${CMAKE_PREFIX_PATH}:/opt/ros/humble /usr/bin/cmake --build /home/naodai/Workspace/rotary/docking/docking_ws/src/clearpath_docking/build/clearpath_docking -- -j8 -l8
[0.809s] Level 1:colcon.colcon_core.environment:create_environment_scripts_only(clearpath_docking)
[0.811s] Level 1:colcon.colcon_core.environment:checking '/home/naodai/Workspace/rotary/docking/docking_ws/src/clearpath_docking/install/clearpath_docking' for CMake module files
[0.811s] Level 1:colcon.colcon_core.environment:checking '/home/naodai/Workspace/rotary/docking/docking_ws/src/clearpath_docking/install/clearpath_docking' for CMake config files
[0.811s] Level 1:colcon.colcon_core.environment:checking '/home/naodai/Workspace/rotary/docking/docking_ws/src/clearpath_docking/install/clearpath_docking/bin'
[0.812s] Level 1:colcon.colcon_core.environment:checking '/home/naodai/Workspace/rotary/docking/docking_ws/src/clearpath_docking/install/clearpath_docking/lib/pkgconfig/clearpath_docking.pc'
[0.812s] Level 1:colcon.colcon_core.environment:checking '/home/naodai/Workspace/rotary/docking/docking_ws/src/clearpath_docking/install/clearpath_docking/lib/python3.10/site-packages'
[0.812s] Level 1:colcon.colcon_core.environment:checking '/home/naodai/Workspace/rotary/docking/docking_ws/src/clearpath_docking/install/clearpath_docking/bin'
[0.812s] INFO:colcon.colcon_core.shell:Creating package script '/home/naodai/Workspace/rotary/docking/docking_ws/src/clearpath_docking/install/clearpath_docking/share/clearpath_docking/package.ps1'
[0.824s] INFO:colcon.colcon_core.shell:Creating package descriptor '/home/naodai/Workspace/rotary/docking/docking_ws/src/clearpath_docking/install/clearpath_docking/share/clearpath_docking/package.dsv'
[0.825s] INFO:colcon.colcon_core.shell:Creating package script '/home/naodai/Workspace/rotary/docking/docking_ws/src/clearpath_docking/install/clearpath_docking/share/clearpath_docking/package.sh'
[0.825s] INFO:colcon.colcon_core.shell:Creating package script '/home/naodai/Workspace/rotary/docking/docking_ws/src/clearpath_docking/install/clearpath_docking/share/clearpath_docking/package.bash'
[0.826s] INFO:colcon.colcon_core.shell:Creating package script '/home/naodai/Workspace/rotary/docking/docking_ws/src/clearpath_docking/install/clearpath_docking/share/clearpath_docking/package.zsh'
[0.827s] Level 1:colcon.colcon_core.environment:create_file_with_runtime_dependencies(/home/naodai/Workspace/rotary/docking/docking_ws/src/clearpath_docking/install/clearpath_docking/share/colcon-core/packages/clearpath_docking)
[0.837s] DEBUG:colcon.colcon_parallel_executor.executor.parallel:closing loop
[0.838s] DEBUG:colcon.colcon_parallel_executor.executor.parallel:loop closed
[0.838s] DEBUG:colcon.colcon_parallel_executor.executor.parallel:run_until_complete finished with '2'
[0.838s] DEBUG:colcon.colcon_core.event_reactor:joining thread
[0.843s] INFO:colcon.colcon_core.plugin_system:Skipping extension 'colcon_notification.desktop_notification.terminal_notifier': Not used on non-Darwin systems
[0.843s] INFO:colcon.colcon_core.plugin_system:Skipping extension 'colcon_notification.desktop_notification.win32': Not used on non-Windows systems
[0.843s] INFO:colcon.colcon_notification.desktop_notification:Sending desktop notification using 'notify2'
[0.853s] DEBUG:colcon.colcon_core.event_reactor:joined thread
[0.853s] INFO:colcon.colcon_core.shell:Creating prefix script '/home/naodai/Workspace/rotary/docking/docking_ws/src/clearpath_docking/install/local_setup.ps1'
[0.854s] INFO:colcon.colcon_core.shell:Creating prefix util module '/home/naodai/Workspace/rotary/docking/docking_ws/src/clearpath_docking/install/_local_setup_util_ps1.py'
[0.856s] INFO:colcon.colcon_core.shell:Creating prefix chain script '/home/naodai/Workspace/rotary/docking/docking_ws/src/clearpath_docking/install/setup.ps1'
[0.858s] INFO:colcon.colcon_core.shell:Creating prefix script '/home/naodai/Workspace/rotary/docking/docking_ws/src/clearpath_docking/install/local_setup.sh'
[0.859s] INFO:colcon.colcon_core.shell:Creating prefix util module '/home/naodai/Workspace/rotary/docking/docking_ws/src/clearpath_docking/install/_local_setup_util_sh.py'
[0.860s] INFO:colcon.colcon_core.shell:Creating prefix chain script '/home/naodai/Workspace/rotary/docking/docking_ws/src/clearpath_docking/install/setup.sh'
[0.861s] INFO:colcon.colcon_core.shell:Creating prefix script '/home/naodai/Workspace/rotary/docking/docking_ws/src/clearpath_docking/install/local_setup.bash'
[0.862s] INFO:colcon.colcon_core.shell:Creating prefix chain script '/home/naodai/Workspace/rotary/docking/docking_ws/src/clearpath_docking/install/setup.bash'
[0.864s] INFO:colcon.colcon_core.shell:Creating prefix script '/home/naodai/Workspace/rotary/docking/docking_ws/src/clearpath_docking/install/local_setup.zsh'
[0.864s] INFO:colcon.colcon_core.shell:Creating prefix chain script '/home/naodai/Workspace/rotary/docking/docking_ws/src/clearpath_docking/install/setup.zsh'
