[0.008s] Invoking command in '/home/naodai/Workspace/rotary/docking/docking_ws/src/clearpath_docking/build/clearpath_docking': CMAKE_PREFIX_PATH=${CMAKE_PREFIX_PATH}:/opt/ros/humble /usr/bin/cmake /home/naodai/Workspace/rotary/docking/docking_ws/src/clearpath_docking -DCMAKE_INSTALL_PREFIX=/home/naodai/Workspace/rotary/docking/docking_ws/src/clearpath_docking/install/clearpath_docking
[0.054s] -- The C compiler identification is GNU 11.4.0
[0.104s] -- The CXX compiler identification is GNU 11.4.0
[0.112s] -- Detecting C compiler ABI info
[0.172s] -- Detecting C compiler ABI info - done
[0.179s] -- Check for working C compiler: /usr/bin/cc - skipped
[0.180s] -- Detecting C compile features
[0.180s] -- Detecting C compile features - done
[0.183s] -- Detecting CXX compiler ABI info
[0.254s] -- Detecting CXX compiler ABI info - done
[0.262s] -- Check for working CXX compiler: /usr/bin/c++ - skipped
[0.262s] -- Detecting CXX compile features
[0.262s] -- Detecting CXX compile features - done
[0.264s] -- Found ament_cmake: 1.3.12 (/opt/ros/humble/share/ament_cmake/cmake)
[0.437s] -- Found Python3: /usr/bin/python3 (found version "3.10.12") found components: Interpreter 
[0.523s] -- Found rclcpp: 16.0.15 (/opt/ros/humble/share/rclcpp/cmake)
[0.568s] -- Found rosidl_generator_c: 3.1.7 (/opt/ros/humble/share/rosidl_generator_c/cmake)
[0.572s] -- Found rosidl_adapter: 3.1.7 (/opt/ros/humble/share/rosidl_adapter/cmake)
[0.580s] -- Found rosidl_generator_cpp: 3.1.7 (/opt/ros/humble/share/rosidl_generator_cpp/cmake)
[0.591s] -- Using all available rosidl_typesupport_c: rosidl_typesupport_fastrtps_c;rosidl_typesupport_introspection_c
[0.606s] -- Using all available rosidl_typesupport_cpp: rosidl_typesupport_fastrtps_cpp;rosidl_typesupport_introspection_cpp
[0.644s] -- Found rmw_implementation_cmake: 6.1.2 (/opt/ros/humble/share/rmw_implementation_cmake/cmake)
[0.647s] -- Found rmw_fastrtps_cpp: 6.2.9 (/opt/ros/humble/share/rmw_fastrtps_cpp/cmake)
[0.710s] -- Found OpenSSL: /usr/lib/x86_64-linux-gnu/libcrypto.so (found version "3.0.2")  
[0.733s] -- Found FastRTPS: /opt/ros/humble/include  
[0.771s] -- Using RMW implementation 'rmw_fastrtps_cpp' as default
[0.778s] -- Looking for pthread.h
[0.843s] -- Looking for pthread.h - found
[0.844s] -- Performing Test CMAKE_HAVE_LIBC_PTHREAD
[0.911s] -- Performing Test CMAKE_HAVE_LIBC_PTHREAD - Success
[0.912s] -- Found Threads: TRUE  
[0.965s] -- Found ament_lint_auto: 0.12.14 (/opt/ros/humble/share/ament_lint_auto/cmake)
[1.066s] -- Added test 'cppcheck' to perform static code analysis on C / C++ code
[1.066s] -- Configured cppcheck include dirs: /home/naodai/Workspace/rotary/docking/docking_ws/src/clearpath_docking/include
[1.066s] -- Configured cppcheck exclude dirs and/or files: 
[1.067s] -- Added test 'flake8' to check Python code syntax and style conventions
[1.068s] -- Added test 'lint_cmake' to check CMake code style
[1.069s] -- Added test 'pep257' to check Python code against some of the docstring style conventions in PEP 257
[1.073s] -- Added test 'uncrustify' to check C / C++ code style
[1.073s] -- Configured uncrustify additional arguments: 
[1.074s] -- Added test 'xmllint' to check XML markup files
[1.075s] -- Configuring done
[1.082s] -- Generating done
[1.086s] -- Build files have been written to: /home/naodai/Workspace/rotary/docking/docking_ws/src/clearpath_docking/build/clearpath_docking
[1.093s] Invoked command in '/home/naodai/Workspace/rotary/docking/docking_ws/src/clearpath_docking/build/clearpath_docking' returned '0': CMAKE_PREFIX_PATH=${CMAKE_PREFIX_PATH}:/opt/ros/humble /usr/bin/cmake /home/naodai/Workspace/rotary/docking/docking_ws/src/clearpath_docking -DCMAKE_INSTALL_PREFIX=/home/naodai/Workspace/rotary/docking/docking_ws/src/clearpath_docking/install/clearpath_docking
[1.095s] Invoking command in '/home/naodai/Workspace/rotary/docking/docking_ws/src/clearpath_docking/build/clearpath_docking': CMAKE_PREFIX_PATH=${CMAKE_PREFIX_PATH}:/opt/ros/humble /usr/bin/cmake --build /home/naodai/Workspace/rotary/docking/docking_ws/src/clearpath_docking/build/clearpath_docking -- -j8 -l8
[1.137s] [ 50%] [32mBuilding CXX object CMakeFiles/clearpath_node.dir/src/clearpath_node.cpp.o[0m
[3.941s] [100%] [32m[1mLinking CXX executable clearpath_node[0m
[4.046s] /usr/bin/ld: CMakeFiles/clearpath_node.dir/src/clearpath_node.cpp.o: in function `main':
[4.047s] clearpath_node.cpp:(.text+0xc5): undefined reference to `clearpath_docking::ClearpathMotor::ClearpathMotor()'
[4.047s] /usr/bin/ld: clearpath_node.cpp:(.text+0xde): undefined reference to `clearpath_docking::ClearpathMotor::init(std::shared_ptr<rclcpp::Node> const&)'
[4.047s] /usr/bin/ld: clearpath_node.cpp:(.text+0x46a): undefined reference to `clearpath_docking::ClearpathMotor::~ClearpathMotor()'
[4.047s] /usr/bin/ld: clearpath_node.cpp:(.text+0x5c9): undefined reference to `clearpath_docking::ClearpathMotor::~ClearpathMotor()'
[4.053s] collect2: error: ld returned 1 exit status
[4.055s] gmake[2]: *** [CMakeFiles/clearpath_node.dir/build.make:151: clearpath_node] Error 1
[4.055s] gmake[1]: *** [CMakeFiles/Makefile2:137: CMakeFiles/clearpath_node.dir/all] Error 2
[4.055s] gmake: *** [Makefile:146: all] Error 2
[4.058s] Invoked command in '/home/naodai/Workspace/rotary/docking/docking_ws/src/clearpath_docking/build/clearpath_docking' returned '2': CMAKE_PREFIX_PATH=${CMAKE_PREFIX_PATH}:/opt/ros/humble /usr/bin/cmake --build /home/naodai/Workspace/rotary/docking/docking_ws/src/clearpath_docking/build/clearpath_docking -- -j8 -l8
